{
  "RSpec": {
    "coverage": {
      "/Users/pbarsch/Desktop/MAKERS/databases/bookmark_manager/app.rb": {
        "lines": [
          1,
          1,
          null,
          1,
          1,
          0,
          null,
          null,
          1,
          0,
          null,
          null,
          1,
          1,
          null,
          null,
          1,
          null
        ]
      },
      "/Users/pbarsch/Desktop/MAKERS/databases/bookmark_manager/spec/features/index_spec.rb": {
        "lines": [
          1,
          1,
          1,
          1,
          1,
          null,
          null
        ]
      }
    },
    "timestamp": 1635781503
  }
}
