{
  "RSpec": {
    "coverage": {
      "/Users/mbrosch3/Documents/Makers/Bookmark/bookmark_manager/bookmark_manager/app.rb": {
        "lines": [
          1,
          1,
          null,
          1,
          1,
          0,
          null,
          null,
          1,
          2,
          2,
          null,
          null,
          1,
          null
        ]
      },
      "/Users/mbrosch3/Documents/Makers/Bookmark/bookmark_manager/bookmark_manager/spec/bookmark_manager_spec.rb": {
        "lines": [
          1,
          null,
          1,
          1,
          1,
          1,
          null,
          null
        ]
      },
      "/Users/mbrosch3/Documents/Makers/Bookmark/bookmark_manager/bookmark_manager/lib/bookmark_manager.rb": {
        "lines": [
          1,
          1,
          1,
          null,
          null
        ]
      },
      "/Users/mbrosch3/Documents/Makers/Bookmark/bookmark_manager/bookmark_manager/spec/features/bookmarks_spec.rb": {
        "lines": [
          1,
          1,
          1,
          1,
          1,
          null,
          null,
          1,
          1,
          1,
          1,
          5,
          null,
          null
        ]
      }
    },
    "timestamp": 1635783598
  }
}
